Using linkage method for clustering
Using RMSD cutoff 0.1 nm
The RMSD ranges from 0.0649725 to 1.11756 nm
Average RMSD is 0.551399
Number of structures for matrix 331
Energy of the matrix is 5.48285.

Found 141 clusters

Writing middle structure for each cluster to s_9.5_10.5_z_1_1.6_e34_clustered.pdb

cl. | #st  rmsd | middle rmsd | cluster members
  1 |   1       |   2190      |   2190
  2 |   2  0.079 |   2260 .079 |   2260   2270
  3 |   1       |   2310      |   2310
  4 |   3  0.088 |   2460 .082 |   2450   2460   2500
  5 |   1       |   2720      |   2720
  6 |   3  0.104 |   2920 .097 |   2830   2890   2920
  7 |   1       |   3030      |   3030
  8 |   6  0.101 |   3140 .091 |   3130   3140   3180   3200   3220   3540
  9 |   2  0.092 |   3360 .092 |   3360   3390
 10 |   1       |   3470      |   3470
 11 |   1       |   3490      |   3490
 12 |   1       |  20550      |  20550
 13 |   1       |  21110      |  21110
 14 |   7  0.103 |  21390 .095 |  21310  21360  21390  21440  21450  21460  21680
 15 |   3  0.092 |  21800 .083 |  21780  21800  21830
 16 |   8  0.110 |  22040 .103 |  21930  21950  21970  22010  22040  22080  22290
    |           |             |  22300
 17 |   4  0.089 |  22340 .086 |  22260  22270  22330  22340
 18 |   3  0.095 |  22400 .092 |  22380  22400  22420
 19 |   5  0.094 |  22790 .091 |  22720  22750  22760  22790  22820
 20 |   7  0.103 |  23370 .094 |  23210  23240  23260  23310  23340  23370  23380
 21 |   1       |  23440      |  23440
 22 |   1       |  23470      |  23470
 23 |   4  0.100 |  23610 .096 |  23530  23550  23610  23650
 24 |   1       |  23820      |  23820
 25 |  15  0.110 |  25320 .094 |  24020  24040  24230  25020  25070  25090  25100
    |           |             |  25220  25290  25310  25320  25330  25340  25360
    |           |             |  25380
 26 |   2  0.080 |  24150 .080 |  24150  24170
 27 |   4  0.107 |  24390 .098 |  24270  24390  24410  24430
 28 |   2  0.098 |  24480 .098 |  24480  24550
 29 |   1       |  24650      |  24650
 30 |   3  0.089 |  24830 .081 |  24820  24830  24840
 31 |   1       |  25430      |  25430
 32 |   5  0.109 |  25640 .098 |  25580  25590  25640  25670  25700
 33 |   1       |  25740      |  25740
 34 |   1       |  69990      |  69990
 35 |   1       |  70640      |  70640
 36 |   2  0.083 | 387880 .083 | 387880 387890
 37 |   1       | 388120      | 388120
 38 |   1       | 388170      | 388170
 39 |   1       | 388940      | 388940
 40 |   5  0.096 | 389070 .091 | 388980 388990 389010 389060 389070
 41 |   1       | 389290      | 389290
 42 |   2  0.078 | 389340 .078 | 389340 389350
 43 |   3  0.098 | 389840 .088 | 389800 389840 389860
 44 |   3  0.098 | 389980 .096 | 389940 389980 390040
 45 |   2  0.077 | 404310 .077 | 404310 404320
 46 |   2  0.093 | 404350 .093 | 404350 404360
 47 |   1       | 404440      | 404440
 48 |   3  0.097 | 412250 .089 | 411520 412250 412270
 49 |   1       | 411580      | 411580
 50 |   1       | 411630      | 411630
 51 |   1       | 411670      | 411670
 52 |   3  0.108 | 411750 .098 | 411730 411750 411800
 53 |   1       | 411830      | 411830
 54 |   3  0.091 | 411950 .087 | 411910 411940 411950
 55 |   1       | 412040      | 412040
 56 |   1       | 412470      | 412470
 57 |   1       | 413360      | 413360
 58 |   1       | 413480      | 413480
 59 |   2  0.076 | 413550 .076 | 413550 413570
 60 |   3  0.097 | 413770 .088 | 413720 413770 413800
 61 |   3  0.097 | 413850 .092 | 413850 413870 413900
 62 |   1       | 414050      | 414050
 63 |   1       | 414080      | 414080
 64 |   2  0.076 | 414290 .076 | 414290 414310
 65 |   9  0.106 | 415020 .100 | 414400 414410 414440 414500 415020 415030 415080
    |           |             | 415340 415360
 66 |   1       | 414600      | 414600
 67 |   1       | 414760      | 414760
 68 |   1       | 414910      | 414910
 69 |   1       | 415100      | 415100
 70 |   1       | 415260      | 415260
 71 |   2  0.085 | 415430 .085 | 415430 415460
 72 |   1       | 415510      | 415510
 73 |   1       | 415580      | 415580
 74 |   3  0.085 | 415650 .080 | 415640 415650 415660
 75 |   1       | 415700      | 415700
 76 |   1       | 415800      | 415800
 77 |   3  0.096 | 416020 .086 | 416000 416020 416050
 78 |  11  0.104 | 416180 .097 | 416080 416100 416130 416140 416160 416180 416220
    |           |             | 416230 416270 416300 416310
 79 |   4  0.082 | 416380 .076 | 416380 416390 416400 416480
 80 |   2  0.078 | 416600 .078 | 416600 416610
 81 |   3  0.091 | 416710 .089 | 416710 416730 416830
 82 |   1       | 416770      | 416770
 83 |   1       | 416800      | 416800
 84 |   4  0.084 | 416960 .080 | 416900 416920 416940 416960
 85 |   1       | 417020      | 417020
 86 |   9  0.110 | 417120 .095 | 417080 417110 417120 417140 417160 417170 417190
    |           |             | 417330 417340
 87 |   1       | 417230      | 417230
 88 |   1       | 417430      | 417430
 89 |   1       | 417470      | 417470
 90 |   1       | 417580      | 417580
 91 |   1       | 417870      | 417870
 92 |   2  0.083 | 417910 .083 | 417910 417920
 93 |   1       | 418070      | 418070
 94 |   1       | 418120      | 418120
 95 |   4  0.095 | 418230 .086 | 418190 418230 418240 418290
 96 |   3  0.098 | 418410 .094 | 418390 418410 418450
 97 |   3  0.092 | 418600 .084 | 418560 418600 418620
 98 |   1       | 418640      | 418640
 99 |   1       | 418740      | 418740
100 |   1       | 418800      | 418800
101 |   4  0.098 | 418870 .094 | 418840 418870 419010 419020
102 |   1       | 419100      | 419100
103 |   2  0.089 | 419180 .089 | 419180 419220
104 |   1       | 419250      | 419250
105 |   5  0.091 | 419380 .080 | 419330 419370 419380 419390 419520
106 |   2  0.097 | 419550 .097 | 419550 419740
107 |   2  0.097 | 419590 .097 | 419590 419710
108 |   1       | 419660      | 419660
109 |   3  0.095 | 419850 .091 | 419810 419830 419850
110 |   2  0.097 | 419880 .097 | 419880 420080
111 |   1       | 421270      | 421270
112 |   1       | 421440      | 421440
113 |   2  0.098 | 421470 .098 | 421470 421500
114 |   2  0.082 | 421880 .082 | 421880 421890
115 |   1       | 421910      | 421910
116 |   1       | 422040      | 422040
117 |   9  0.117 | 422240 .107 | 422190 422210 422240 422260 422290 422320 422340
    |           |             | 422500 422530
118 |   1       | 422420      | 422420
119 |   9  0.111 | 423240 .099 | 422840 423040 423050 423130 423210 423240 423260
    |           |             | 423270 423280
120 |   1       | 422950      | 422950
121 |   1       | 423350      | 423350
122 |   2  0.100 | 423410 .100 | 423410 423590
123 |   3  0.092 | 423750 .083 | 423730 423750 423760
124 |   1       | 423830      | 423830
125 |   1       | 423900      | 423900
126 |   5  0.100 | 424000 .090 | 423940 423960 424000 424030 425210
127 |   1       | 424170      | 424170
128 |   1       | 424190      | 424190
129 |   1       | 424380      | 424380
130 |   1       | 424410      | 424410
131 |   5  0.096 | 424510 .092 | 424430 424510 424520 424700 424710
132 |   1       | 424740      | 424740
133 |   1       | 424760      | 424760
134 |   1       | 424790      | 424790
135 |   1       | 424860      | 424860
136 |   1       | 425010      | 425010
137 |   1       | 425050      | 425050
138 |   2  0.097 | 425110 .097 | 425110 425170
139 |   1       | 425270      | 425270
140 |   7  0.105 | 425320 .099 | 425320 425370 425380 425420 425440 425480 425490
141 |   1       | 425660      | 425660
